PhantomJS is launching GhostDriver...
[INFO  - 2013-12-10T10:42:33.822Z] GhostDriver - Main - running on port 61461
[INFO  - 2013-12-10T10:42:34.009Z] Session [c7197360-6187-11e3-bab3-a5e3a6320cb0] - _decorateNewWindow - page.settings: {"XSSAuditingEnabled":false,"javascriptCanCloseWindows":true,"javascriptCanOpenWindows":true,"javascriptEnabled":true,"loadImages":true,"localToRemoteUrlAccessEnabled":false,"userAgent":"Mozilla/5.0 (Macintosh; Intel Mac OS X) AppleWebKit/534.34 (KHTML, like Gecko) PhantomJS/1.9.2 Safari/534.34","webSecurityEnabled":true}
[INFO  - 2013-12-10T10:42:34.009Z] Session [c7197360-6187-11e3-bab3-a5e3a6320cb0] - page.customHeaders:  - {}
[INFO  - 2013-12-10T10:42:34.009Z] Session [c7197360-6187-11e3-bab3-a5e3a6320cb0] - CONSTRUCTOR - Desired Capabilities: {"platform":"ANY","browserName":"phantomjs","version":"","javascriptEnabled":true}
[INFO  - 2013-12-10T10:42:34.009Z] Session [c7197360-6187-11e3-bab3-a5e3a6320cb0] - CONSTRUCTOR - Negotiated Capabilities: {"browserName":"phantomjs","version":"1.9.2","driverName":"ghostdriver","driverVersion":"1.0.4","platform":"mac-unknown-32bit","javascriptEnabled":true,"takesScreenshot":true,"handlesAlerts":false,"databaseEnabled":false,"locationContextEnabled":false,"applicationCacheEnabled":false,"browserConnectionEnabled":false,"cssSelectorsEnabled":true,"webStorageEnabled":false,"rotatable":false,"acceptSslCerts":false,"nativeEvents":true,"proxy":{"proxyType":"direct"}}
[INFO  - 2013-12-10T10:42:34.009Z] SessionManagerReqHand - _postNewSessionCommand - New Session Created: c7197360-6187-11e3-bab3-a5e3a6320cb0
2013-12-10 02:42:35.522 phantomjs[4498:507] CoreText performance note: Client called CTFontCreateWithName() using name "Times New Roman" and got font with PostScript name "TimesNewRomanPSMT". For best performance, only use PostScript names when calling this API.
2013-12-10 02:42:35.523 phantomjs[4498:507] CoreText performance note: Set a breakpoint on CTFontLogSuboptimalRequest to debug.
2013-12-10 02:42:35.827 phantomjs[4498:507] CoreText performance note: Client called CTFontCreateWithName() using name "Arial" and got font with PostScript name "ArialMT". For best performance, only use PostScript names when calling this API.
2013-12-10 02:42:35.901 phantomjs[4498:507] CoreText performance note: Client called CTFontCreateWithName() using name "Arial" and got font with PostScript name "ArialMT". For best performance, only use PostScript names when calling this API.
2013-12-10 02:42:35.905 phantomjs[4498:507] CoreText performance note: Client called CTFontCreateWithName() using name "Arial" and got font with PostScript name "ArialMT". For best performance, only use PostScript names when calling this API.
2013-12-10 02:42:35.905 phantomjs[4498:507] CoreText performance note: Client called CTFontCreateWithName() using name "Arial" and got font with PostScript name "ArialMT". For best performance, only use PostScript names when calling this API.
2013-12-10 02:42:35.906 phantomjs[4498:507] CoreText performance note: Client called CTFontCreateWithName() using name "Arial" and got font with PostScript name "ArialMT". For best performance, only use PostScript names when calling this API.
2013-12-10 02:42:35.906 phantomjs[4498:507] CoreText performance note: Client called CTFontCreateWithName() using name "Arial" and got font with PostScript name "ArialMT". For best performance, only use PostScript names when calling this API.
[ERROR - 2013-12-10T10:42:36.645Z] Session [c7197360-6187-11e3-bab3-a5e3a6320cb0] - Page at 'http://www.westernunion.com/Home' - Console Error (msg): SyntaxError: Parse error
[ERROR - 2013-12-10T10:42:36.645Z] Session [c7197360-6187-11e3-bab3-a5e3a6320cb0] - Page at 'http://www.westernunion.com/Home' - Console Error (stack): []
2013-12-10 02:42:38.621 phantomjs[4498:507] CoreText performance note: Client called CTFontCreateWithName() using name "Roboto" and got font with PostScript name "Roboto-Regular". For best performance, only use PostScript names when calling this API.
2013-12-10 02:42:39.821 phantomjs[4498:507] CoreText performance note: Client called CTFontCreateWithName() using name "Roboto" and got font with PostScript name "Roboto-Regular". For best performance, only use PostScript names when calling this API.
2013-12-10 02:42:41.684 phantomjs[4498:507] CoreText performance note: Client called CTFontCreateWithName() using name "Arial" and got font with PostScript name "ArialMT". For best performance, only use PostScript names when calling this API.
2013-12-10 02:42:41.685 phantomjs[4498:507] CoreText performance note: Client called CTFontCreateWithName() using name "Arial" and got font with PostScript name "ArialMT". For best performance, only use PostScript names when calling this API.
2013-12-10 02:42:41.687 phantomjs[4498:507] CoreText performance note: Client called CTFontCreateWithName() using name "Arial" and got font with PostScript name "ArialMT". For best performance, only use PostScript names when calling this API.
2013-12-10 02:42:41.687 phantomjs[4498:507] CoreText performance note: Client called CTFontCreateWithName() using name "Arial" and got font with PostScript name "ArialMT". For best performance, only use PostScript names when calling this API.
2013-12-10 02:42:41.687 phantomjs[4498:507] CoreText performance note: Client called CTFontCreateWithName() using name "Arial" and got font with PostScript name "ArialMT". For best performance, only use PostScript names when calling this API.
2013-12-10 02:42:41.688 phantomjs[4498:507] CoreText performance note: Client called CTFontCreateWithName() using name "Arial" and got font with PostScript name "ArialMT". For best performance, only use PostScript names when calling this API.
2013-12-10 02:42:41.716 phantomjs[4498:507] CoreText performance note: Client called CTFontCreateWithName() using name "Lucida Grande" and got font with PostScript name "LucidaGrande". For best performance, only use PostScript names when calling this API.
2013-12-10 02:42:41.994 phantomjs[4498:507] CoreText performance note: Client called CTFontCreateWithName() using name "Arial" and got font with PostScript name "ArialMT". For best performance, only use PostScript names when calling this API.
2013-12-10 02:42:41.994 phantomjs[4498:507] CoreText performance note: Client called CTFontCreateWithName() using name "Arial" and got font with PostScript name "ArialMT". For best performance, only use PostScript names when calling this API.
2013-12-10 02:42:44.366 phantomjs[4498:507] CoreText performance note: Client called CTFontCreateWithName() using name "Times New Roman" and got font with PostScript name "TimesNewRomanPSMT". For best performance, only use PostScript names when calling this API.
2013-12-10 02:42:45.646 phantomjs[4498:507] CoreText performance note: Client called CTFontCreateWithName() using name "Roboto" and got font with PostScript name "Roboto-Regular". For best performance, only use PostScript names when calling this API.
2013-12-10 02:42:46.843 phantomjs[4498:507] CoreText performance note: Client called CTFontCreateWithName() using name "Roboto" and got font with PostScript name "Roboto-Regular". For best performance, only use PostScript names when calling this API.
2013-12-10 02:42:46.850 phantomjs[4498:507] CoreText performance note: Client called CTFontCreateWithName() using name "Arial" and got font with PostScript name "ArialMT". For best performance, only use PostScript names when calling this API.
2013-12-10 02:42:46.851 phantomjs[4498:507] CoreText performance note: Client called CTFontCreateWithName() using name "Arial" and got font with PostScript name "ArialMT". For best performance, only use PostScript names when calling this API.
2013-12-10 02:42:47.140 phantomjs[4498:507] CoreText performance note: Client called CTFontCreateWithName() using name "Arial" and got font with PostScript name "ArialMT". For best performance, only use PostScript names when calling this API.
2013-12-10 02:42:53.506 phantomjs[4498:507] CoreText performance note: Client called CTFontCreateWithName() using name "Times New Roman" and got font with PostScript name "TimesNewRomanPSMT". For best performance, only use PostScript names when calling this API.
2013-12-10 02:42:54.825 phantomjs[4498:507] CoreText performance note: Client called CTFontCreateWithName() using name "Roboto" and got font with PostScript name "Roboto-Regular". For best performance, only use PostScript names when calling this API.
2013-12-10 02:42:56.026 phantomjs[4498:507] CoreText performance note: Client called CTFontCreateWithName() using name "Roboto" and got font with PostScript name "Roboto-Regular". For best performance, only use PostScript names when calling this API.
2013-12-10 02:42:56.047 phantomjs[4498:507] CoreText performance note: Client called CTFontCreateWithName() using name "Arial" and got font with PostScript name "ArialMT". For best performance, only use PostScript names when calling this API.
2013-12-10 02:42:56.279 phantomjs[4498:507] CoreText performance note: Client called CTFontCreateWithName() using name "Arial" and got font with PostScript name "ArialMT". For best performance, only use PostScript names when calling this API.
2013-12-10 02:42:56.280 phantomjs[4498:507] CoreText performance note: Client called CTFontCreateWithName() using name "Arial" and got font with PostScript name "ArialMT". For best performance, only use PostScript names when calling this API.
