PhantomJS is launching GhostDriver...
[INFO  - 2014-01-13T03:02:09.971Z] GhostDriver - Main - running on port 58727
[INFO  - 2014-01-13T03:02:10.094Z] Session [1801b990-7bff-11e3-afb1-7fc303751684] - _decorateNewWindow - page.settings: {"XSSAuditingEnabled":false,"javascriptCanCloseWindows":true,"javascriptCanOpenWindows":true,"javascriptEnabled":true,"loadImages":true,"localToRemoteUrlAccessEnabled":false,"userAgent":"Mozilla/5.0 (X11; Linux x86_64) AppleWebKit/53 (KHTML, like Gecko) Chrome/15.0.87","webSecurityEnabled":true}
[INFO  - 2014-01-13T03:02:10.094Z] Session [1801b990-7bff-11e3-afb1-7fc303751684] - page.customHeaders:  - {}
[INFO  - 2014-01-13T03:02:10.094Z] Session [1801b990-7bff-11e3-afb1-7fc303751684] - CONSTRUCTOR - Desired Capabilities: {"platform":"ANY","browserName":"phantomjs","version":"","javascriptEnabled":true,"phantomjs.page.settings.userAgent":"Mozilla/5.0 (X11; Linux x86_64) AppleWebKit/53 (KHTML, like Gecko) Chrome/15.0.87"}
[INFO  - 2014-01-13T03:02:10.094Z] Session [1801b990-7bff-11e3-afb1-7fc303751684] - CONSTRUCTOR - Negotiated Capabilities: {"browserName":"phantomjs","version":"1.9.2","driverName":"ghostdriver","driverVersion":"1.0.4","platform":"mac-unknown-32bit","javascriptEnabled":true,"takesScreenshot":true,"handlesAlerts":false,"databaseEnabled":false,"locationContextEnabled":false,"applicationCacheEnabled":false,"browserConnectionEnabled":false,"cssSelectorsEnabled":true,"webStorageEnabled":false,"rotatable":false,"acceptSslCerts":false,"nativeEvents":true,"proxy":{"proxyType":"direct"},"phantomjs.page.settings.userAgent":"Mozilla/5.0 (X11; Linux x86_64) AppleWebKit/53 (KHTML, like Gecko) Chrome/15.0.87"}
[INFO  - 2014-01-13T03:02:10.094Z] SessionManagerReqHand - _postNewSessionCommand - New Session Created: 1801b990-7bff-11e3-afb1-7fc303751684
2014-01-12 19:02:10.997 phantomjs[78362:507] CoreText performance note: Client called CTFontCreateWithName() using name "Times New Roman" and got font with PostScript name "TimesNewRomanPSMT". For best performance, only use PostScript names when calling this API.
2014-01-12 19:02:10.998 phantomjs[78362:507] CoreText performance note: Set a breakpoint on CTFontLogSuboptimalRequest to debug.
2014-01-12 19:02:11.426 phantomjs[78362:507] CoreText performance note: Client called CTFontCreateWithName() using name "Arial" and got font with PostScript name "ArialMT". For best performance, only use PostScript names when calling this API.
2014-01-12 19:02:11.455 phantomjs[78362:507] CoreText performance note: Client called CTFontCreateWithName() using name "Arial" and got font with PostScript name "ArialMT". For best performance, only use PostScript names when calling this API.
2014-01-12 19:02:11.456 phantomjs[78362:507] CoreText performance note: Client called CTFontCreateWithName() using name "Arial" and got font with PostScript name "ArialMT". For best performance, only use PostScript names when calling this API.
2014-01-12 19:02:14.430 phantomjs[78362:507] CoreText performance note: Client called CTFontCreateWithName() using name "Arial" and got font with PostScript name "ArialMT". For best performance, only use PostScript names when calling this API.
2014-01-12 19:02:14.430 phantomjs[78362:507] CoreText performance note: Client called CTFontCreateWithName() using name "Arial" and got font with PostScript name "ArialMT". For best performance, only use PostScript names when calling this API.
2014-01-12 19:02:15.887 phantomjs[78362:507] CoreText performance note: Client called CTFontCreateWithName() using name "Arial" and got font with PostScript name "ArialMT". For best performance, only use PostScript names when calling this API.
2014-01-12 19:02:15.890 phantomjs[78362:507] CoreText performance note: Client called CTFontCreateWithName() using name "Arial" and got font with PostScript name "ArialMT". For best performance, only use PostScript names when calling this API.
2014-01-12 19:02:15.890 phantomjs[78362:507] CoreText performance note: Client called CTFontCreateWithName() using name "Arial" and got font with PostScript name "ArialMT". For best performance, only use PostScript names when calling this API.
2014-01-12 19:02:15.891 phantomjs[78362:507] CoreText performance note: Client called CTFontCreateWithName() using name "Arial" and got font with PostScript name "ArialMT". For best performance, only use PostScript names when calling this API.
2014-01-12 19:02:15.891 phantomjs[78362:507] CoreText performance note: Client called CTFontCreateWithName() using name "Arial" and got font with PostScript name "ArialMT". For best performance, only use PostScript names when calling this API.
2014-01-12 19:02:18.961 phantomjs[78362:507] CoreText performance note: Client called CTFontCreateWithName() using name "Times New Roman" and got font with PostScript name "TimesNewRomanPSMT". For best performance, only use PostScript names when calling this API.
